https://google.com//admin/ [404]
https://google.com//administrator/ [404]
https://google.com//admin1/ [404]
https://google.com//admin2/ [404]
https://google.com//admin3/ [404]
https://google.com//admin4/ [404]
https://google.com//admin5/ [404]
https://google.com//moderator/ [301]
https://google.com//webadmin/ [404]
https://google.com//adminarea/ [404]
https://google.com//bb-admin/ [404]
https://google.com//adminLogin/ [404]
https://google.com//admin_area/ [404]
https://google.com//panel-administracion/ [404]
https://google.com//instadmin/ [404]
https://google.com//memberadmin/ [404]
https://google.com//administratorlogin/ [404]
https://google.com//adm/ [404]
https://google.com//account.asp [404]
https://google.com//admin/account.asp [404]
https://google.com//admin/index.asp [404]
https://google.com//admin/login.asp [404]
https://google.com//admin/admin.asp [404]
https://google.com//admin_area/admin.asp [404]
https://google.com//admin_area/login.asp [404]
https://google.com//admin/account.html [404]
https://google.com//admin/index.html [404]
https://google.com//admin/login.html [404]
https://google.com//admin/admin.html [404]
https://google.com//admin_area/admin.html [404]
https://google.com//admin_area/login.html [404]
https://google.com//admin_area/index.html [404]
https://google.com//admin_area/index.asp [404]
https://google.com//bb-admin/index.asp [404]
https://google.com//bb-admin/login.asp [404]
https://google.com//bb-admin/admin.asp [404]
https://google.com//bb-admin/index.html [404]
https://google.com//bb-admin/login.html [404]
https://google.com//bb-admin/admin.html [404]
https://google.com//admin/home.html [404]
https://google.com//admin/controlpanel.html [404]
https://google.com//admin.html [404]
https://google.com//admin/cp.html [404]
https://google.com//cp.html [404]
https://google.com//admin/ [404]
https://google.com//administrator/ [404]
https://google.com//admin1/ [404]
https://google.com//admin2/ [404]
https://google.com//admin3/ [404]
https://google.com//admin4/ [404]
https://google.com//admin5/ [404]
https://google.com//moderator/ [301]
https://google.com//webadmin/ [404]
https://google.com//adminarea/ [404]
https://google.com//bb-admin/ [404]
https://google.com//adminLogin/ [404]
https://google.com//admin_area/ [404]
https://google.com//panel-administracion/ [404]
https://google.com//instadmin/ [404]
https://google.com//memberadmin/ [404]
https://google.com//administratorlogin/ [404]
